app/build/intermediates/manifest_merge_blame_file/debug/manifest-merger-blame-debug-report.txt
1<?xml version="1.0" encoding="utf-8"?>
2<manifest xmlns:android="http://schemas.android.com/apk/res/android"
3    package="com.b_lam.intermedia.debug"
4    android:installLocation="auto"
5    android:versionCode="61"
6    android:versionName="3.4.1" >
7
8    <uses-sdk
9        android:minSdkVersion="21"
9-->src/main/AndroidManifest.xml
10        android:targetSdkVersion="33" />
10-->src/main/AndroidManifest.xml
11
12    <uses-permission android:name="android.permission.INTERNET" />
12-->src/main/AndroidManifest.xml:7:5-67
12-->src/main/AndroidManifest.xml:7:22-64
13    <uses-permission android:name="android.permission.ACCESS_NETWORK_STATE" />
13-->src/main/AndroidManifest.xml:8:5-79
13-->src/main/AndroidManifest.xml:8:22-76
14    <uses-permission android:name="android.permission.POST_NOTIFICATIONS" />
14-->src/main/AndroidManifest.xml:9:5-77
14-->src/main/AndroidManifest.xml:9:22-74
15    <uses-permission android:name="android.permission.SET_WALLPAPER" />
15-->src/main/AndroidManifest.xml:10:5-72
15-->src/main/AndroidManifest.xml:10:22-69
16    <uses-permission android:name="android.permission.SET_WALLPAPER_HINTS" />
16-->src/main/AndroidManifest.xml:11:5-78
16-->src/main/AndroidManifest.xml:11:22-75
17    <uses-permission
17-->src/main/AndroidManifest.xml:12:5-15:40
18        android:name="android.permission.WRITE_EXTERNAL_STORAGE"
18-->src/main/AndroidManifest.xml:13:9-65
19        android:maxSdkVersion="28" />
19-->src/main/AndroidManifest.xml:14:9-35
20    <uses-permission android:name="android.permission.READ_EXTERNAL_STORAGE" />
20-->src/main/AndroidManifest.xml:16:5-80
20-->src/main/AndroidManifest.xml:16:22-77
21    <uses-permission android:name="android.permission.WAKE_LOCK" />
21-->src/main/AndroidManifest.xml:17:5-68
21-->src/main/AndroidManifest.xml:17:22-65
22    <uses-permission android:name="android.permission.RECEIVE_BOOT_COMPLETED" />
22-->src/main/AndroidManifest.xml:18:5-81
22-->src/main/AndroidManifest.xml:18:22-78
23
24    <queries>
24-->src/main/AndroidManifest.xml:20:5-24:15
25        <intent>
25-->src/main/AndroidManifest.xml:21:9-23:18
26            <action android:name="android.support.customtabs.action.CustomTabsService" />
26-->src/main/AndroidManifest.xml:22:13-90
26-->src/main/AndroidManifest.xml:22:21-87
27        </intent>
28        <!-- Used to query the Muzei ContentProvider -->
29        <package android:name="net.nurik.roman.muzei" />
29-->[com.google.android.apps.muzei:muzei-api:3.4.1] AndroidManifest.xml:27:9-57
29-->[com.google.android.apps.muzei:muzei-api:3.4.1] AndroidManifest.xml:27:18-54
30
31        <intent>
31-->[com.android.billingclient:billing:5.1.0] AndroidManifest.xml:17:9-19:18
32            <action android:name="com.android.vending.billing.InAppBillingService.BIND" />
32-->[com.android.billingclient:billing:5.1.0] AndroidManifest.xml:18:13-91
32-->[com.android.billingclient:billing:5.1.0] AndroidManifest.xml:18:21-88
33        </intent>
34    </queries>
35
36    <uses-permission android:name="com.android.vending.BILLING" />
36-->[com.android.billingclient:billing-ktx:5.1.0] AndroidManifest.xml:9:5-67
36-->[com.android.billingclient:billing-ktx:5.1.0] AndroidManifest.xml:9:22-64
37    <uses-permission android:name="android.permission.FOREGROUND_SERVICE" />
37-->[androidx.work:work-runtime:2.8.0] AndroidManifest.xml:26:5-77
37-->[androidx.work:work-runtime:2.8.0] AndroidManifest.xml:26:22-74
38
39    <permission
39-->[androidx.core:core:1.9.0] AndroidManifest.xml:22:5-24:47
40        android:name="com.b_lam.intermedia.debug.DYNAMIC_RECEIVER_NOT_EXPORTED_PERMISSION"
40-->[androidx.core:core:1.9.0] AndroidManifest.xml:23:9-81
41        android:protectionLevel="signature" />
41-->[androidx.core:core:1.9.0] AndroidManifest.xml:24:9-44
42
43    <uses-permission android:name="com.b_lam.intermedia.debug.DYNAMIC_RECEIVER_NOT_EXPORTED_PERMISSION" />
43-->[androidx.core:core:1.9.0] AndroidManifest.xml:26:5-97
43-->[androidx.core:core:1.9.0] AndroidManifest.xml:26:22-94
44
45    <application
45-->src/main/AndroidManifest.xml:26:5-204:19
46        android:name="com.intermedia.intermedia.IntermediaApplication"
46-->src/main/AndroidManifest.xml:27:9-46
47        android:allowBackup="true"
47-->src/main/AndroidManifest.xml:28:9-35
48        android:appComponentFactory="androidx.core.app.CoreComponentFactory"
48-->[androidx.core:core:1.9.0] AndroidManifest.xml:28:18-86
49        android:debuggable="true"
50        android:fullBackupContent="@xml/backup_rules"
50-->src/main/AndroidManifest.xml:29:9-54
51        android:icon="@mipmap/ic_launcher"
51-->src/main/AndroidManifest.xml:30:9-43
52        android:label="@string/app_name"
52-->src/main/AndroidManifest.xml:31:9-41
53        android:largeHeap="true"
53-->src/main/AndroidManifest.xml:32:9-33
54        android:roundIcon="@mipmap/ic_launcher_round"
54-->src/main/AndroidManifest.xml:33:9-54
55        android:supportsRtl="true"
55-->src/main/AndroidManifest.xml:34:9-35
56        android:testOnly="true"
57        android:theme="@style/Resplash.Theme.DayNight" >
57-->src/main/AndroidManifest.xml:35:9-55
58        <activity
58-->src/main/AndroidManifest.xml:36:9-44:20
59            android:name="com.intermedia.intermedia.ActivityStartOnboarding"
59-->src/main/AndroidManifest.xml:37:13-52
60            android:exported="true" >
60-->src/main/AndroidManifest.xml:38:13-36
61            <intent-filter>
61-->src/main/AndroidManifest.xml:39:13-43:29
62                <action android:name="android.intent.action.MAIN" />
62-->src/main/AndroidManifest.xml:40:17-69
62-->src/main/AndroidManifest.xml:40:25-66
63
64                <category android:name="android.intent.category.LAUNCHER" />
64-->src/main/AndroidManifest.xml:42:17-77
64-->src/main/AndroidManifest.xml:42:27-74
65            </intent-filter>
66        </activity>
67        <activity android:name="com.intermedia.intermedia.ui.webview.WebViewActivity" />
67-->src/main/AndroidManifest.xml:45:9-64
67-->src/main/AndroidManifest.xml:45:19-61
68        <activity android:name="com.intermedia.intermedia.ui.user.edit.EditProfileActivity" />
68-->src/main/AndroidManifest.xml:46:9-70
68-->src/main/AndroidManifest.xml:46:19-67
69        <activity
69-->src/main/AndroidManifest.xml:47:9-49:62
70            android:name="com.intermedia.intermedia.ui.user.UserActivity"
70-->src/main/AndroidManifest.xml:48:13-49
71            android:configChanges="orientation|screenSize" />
71-->src/main/AndroidManifest.xml:49:13-59
72        <activity
72-->src/main/AndroidManifest.xml:50:9-52:62
73            android:name="com.intermedia.intermedia.ui.collection.detail.CollectionDetailActivity"
73-->src/main/AndroidManifest.xml:51:13-74
74            android:configChanges="orientation|screenSize" />
74-->src/main/AndroidManifest.xml:52:13-59
75        <activity
75-->src/main/AndroidManifest.xml:53:9-55:72
76            android:name="com.intermedia.intermedia.ui.photo.zoom.PhotoZoomActivity"
76-->src/main/AndroidManifest.xml:54:13-60
77            android:theme="@style/Resplash.Theme.DayNight.PhotoZoom" />
77-->src/main/AndroidManifest.xml:55:13-69
78        <activity
78-->src/main/AndroidManifest.xml:56:9-58:74
79            android:name="com.intermedia.intermedia.ui.photo.detail.PhotoDetailActivity"
79-->src/main/AndroidManifest.xml:57:13-64
80            android:theme="@style/Resplash.Theme.DayNight.PhotoDetail" />
80-->src/main/AndroidManifest.xml:58:13-71
81        <activity
81-->src/main/AndroidManifest.xml:59:9-61:62
82            android:name="com.intermedia.intermedia.ui.search.SearchActivity"
82-->src/main/AndroidManifest.xml:60:13-53
83            android:configChanges="orientation|screenSize" />
83-->src/main/AndroidManifest.xml:61:13-59
84        <activity
84-->src/main/AndroidManifest.xml:62:9-68:20
85            android:name="com.intermedia.intermedia.ui.settings.SettingsActivity"
85-->src/main/AndroidManifest.xml:63:13-57
86            android:parentActivityName="com.intermedia.intermedia.ui.main.MainActivity" >
86-->src/main/AndroidManifest.xml:64:13-63
87            <meta-data
87-->src/main/AndroidManifest.xml:65:13-67:82
88                android:name="android.support.PARENT_ACTIVITY"
88-->src/main/AndroidManifest.xml:66:17-63
89                android:value="com.intermedia.intermedia.ui.main.MainActivity" />
89-->src/main/AndroidManifest.xml:67:17-79
90        </activity>
91        <activity
91-->src/main/AndroidManifest.xml:69:9-85:20
92            android:name="com.intermedia.intermedia.ui.login.LoginActivity"
92-->src/main/AndroidManifest.xml:70:13-51
93            android:exported="true"
93-->src/main/AndroidManifest.xml:71:13-36
94            android:launchMode="singleTask" >
94-->src/main/AndroidManifest.xml:72:13-44
95            <intent-filter>
95-->src/main/AndroidManifest.xml:73:13-84:29
96                <data
96-->src/main/AndroidManifest.xml:74:17-78:54
97                    android:host="skillbox"
97-->src/main/AndroidManifest.xml:75:21-44
98                    android:pathPrefix="/unsplash-auth-callback"
98-->src/main/AndroidManifest.xml:76:21-65
99                    android:scheme="com.example.intermediateproject" />
99-->src/main/AndroidManifest.xml:77:21-69
100
101                <action android:name="android.intent.action.VIEW" />
101-->src/main/AndroidManifest.xml:80:17-69
101-->src/main/AndroidManifest.xml:80:25-66
102
103                <category android:name="android.intent.category.DEFAULT" />
103-->src/main/AndroidManifest.xml:82:17-76
103-->src/main/AndroidManifest.xml:82:27-73
104                <category android:name="android.intent.category.BROWSABLE" />
104-->src/main/AndroidManifest.xml:83:17-78
104-->src/main/AndroidManifest.xml:83:27-75
105            </intent-filter>
106        </activity>
107        <activity
107-->src/main/AndroidManifest.xml:86:9-134:20
108            android:name="com.intermedia.intermedia.ui.routing.RoutingActivity"
108-->src/main/AndroidManifest.xml:87:13-55
109            android:exported="true"
109-->src/main/AndroidManifest.xml:88:13-36
110            android:launchMode="singleTask" >
110-->src/main/AndroidManifest.xml:89:13-44
111            <intent-filter>
111-->src/main/AndroidManifest.xml:90:13-100:29
112                <data
112-->src/main/AndroidManifest.xml:74:17-78:54
113                    android:host="unsplash.com"
113-->src/main/AndroidManifest.xml:75:21-44
114                    android:path="/"
114-->src/main/AndroidManifest.xml:93:21-37
115                    android:scheme="https" />
115-->src/main/AndroidManifest.xml:77:21-69
116
117                <action android:name="android.intent.action.VIEW" />
117-->src/main/AndroidManifest.xml:80:17-69
117-->src/main/AndroidManifest.xml:80:25-66
118
119                <category android:name="android.intent.category.DEFAULT" />
119-->src/main/AndroidManifest.xml:82:17-76
119-->src/main/AndroidManifest.xml:82:27-73
120                <category android:name="android.intent.category.BROWSABLE" />
120-->src/main/AndroidManifest.xml:83:17-78
120-->src/main/AndroidManifest.xml:83:27-75
121            </intent-filter>
122            <intent-filter>
122-->src/main/AndroidManifest.xml:101:13-111:29
123                <data
123-->src/main/AndroidManifest.xml:74:17-78:54
124                    android:host="unsplash.com"
124-->src/main/AndroidManifest.xml:75:21-44
125                    android:pathPrefix="/photos/"
125-->src/main/AndroidManifest.xml:76:21-65
126                    android:scheme="https" />
126-->src/main/AndroidManifest.xml:77:21-69
127
128                <action android:name="android.intent.action.VIEW" />
128-->src/main/AndroidManifest.xml:80:17-69
128-->src/main/AndroidManifest.xml:80:25-66
129
130                <category android:name="android.intent.category.DEFAULT" />
130-->src/main/AndroidManifest.xml:82:17-76
130-->src/main/AndroidManifest.xml:82:27-73
131                <category android:name="android.intent.category.BROWSABLE" />
131-->src/main/AndroidManifest.xml:83:17-78
131-->src/main/AndroidManifest.xml:83:27-75
132            </intent-filter>
133            <intent-filter>
133-->src/main/AndroidManifest.xml:112:13-122:29
134                <data
134-->src/main/AndroidManifest.xml:74:17-78:54
135                    android:host="unsplash.com"
135-->src/main/AndroidManifest.xml:75:21-44
136                    android:pathPrefix="/collections/"
136-->src/main/AndroidManifest.xml:76:21-65
137                    android:scheme="https" />
137-->src/main/AndroidManifest.xml:77:21-69
138
139                <action android:name="android.intent.action.VIEW" />
139-->src/main/AndroidManifest.xml:80:17-69
139-->src/main/AndroidManifest.xml:80:25-66
140
141                <category android:name="android.intent.category.DEFAULT" />
141-->src/main/AndroidManifest.xml:82:17-76
141-->src/main/AndroidManifest.xml:82:27-73
142                <category android:name="android.intent.category.BROWSABLE" />
142-->src/main/AndroidManifest.xml:83:17-78
142-->src/main/AndroidManifest.xml:83:27-75
143            </intent-filter>
144            <intent-filter>
144-->src/main/AndroidManifest.xml:123:13-133:29
145                <data
145-->src/main/AndroidManifest.xml:74:17-78:54
146                    android:host="unsplash.com"
146-->src/main/AndroidManifest.xml:75:21-44
147                    android:pathPattern=".*/@.*"
147-->src/main/AndroidManifest.xml:126:21-49
148                    android:scheme="https" />
148-->src/main/AndroidManifest.xml:77:21-69
149
150                <action android:name="android.intent.action.VIEW" />
150-->src/main/AndroidManifest.xml:80:17-69
150-->src/main/AndroidManifest.xml:80:25-66
151
152                <category android:name="android.intent.category.DEFAULT" />
152-->src/main/AndroidManifest.xml:82:17-76
152-->src/main/AndroidManifest.xml:82:27-73
153                <category android:name="android.intent.category.BROWSABLE" />
153-->src/main/AndroidManifest.xml:83:17-78
153-->src/main/AndroidManifest.xml:83:27-75
154            </intent-filter>
155        </activity>
156        <activity
156-->src/main/AndroidManifest.xml:135:9-149:20
157            android:name="com.intermedia.intermedia.ui.main.MainActivity"
157-->src/main/AndroidManifest.xml:136:13-49
158            android:configChanges="orientation|screenSize"
158-->src/main/AndroidManifest.xml:137:13-59
159            android:exported="true"
159-->src/main/AndroidManifest.xml:138:13-36
160            android:theme="@style/Resplash.Theme.Starting" >
160-->src/main/AndroidManifest.xml:139:13-59
161            <intent-filter>
161-->src/main/AndroidManifest.xml:39:13-43:29
162                <action android:name="android.intent.action.MAIN" />
162-->src/main/AndroidManifest.xml:40:17-69
162-->src/main/AndroidManifest.xml:40:25-66
163
164                <category android:name="android.intent.category.LAUNCHER" />
164-->src/main/AndroidManifest.xml:42:17-77
164-->src/main/AndroidManifest.xml:42:27-74
165            </intent-filter>
166
167            <meta-data
167-->src/main/AndroidManifest.xml:146:13-148:53
168                android:name="android.app.shortcuts"
168-->src/main/AndroidManifest.xml:147:17-53
169                android:resource="@xml/shortcuts" />
169-->src/main/AndroidManifest.xml:148:17-50
170        </activity>
171
172        <service
172-->src/main/AndroidManifest.xml:151:9-160:19
173            android:name="com.intermedia.intermedia.service.AutoWallpaperTileService"
173-->src/main/AndroidManifest.xml:152:13-61
174            android:exported="true"
174-->src/main/AndroidManifest.xml:153:13-36
175            android:icon="@drawable/ic_resplash_24dp"
175-->src/main/AndroidManifest.xml:154:13-54
176            android:label="@string/auto_wallpaper_title"
176-->src/main/AndroidManifest.xml:155:13-57
177            android:permission="android.permission.BIND_QUICK_SETTINGS_TILE" >
177-->src/main/AndroidManifest.xml:156:13-77
178            <intent-filter>
178-->src/main/AndroidManifest.xml:157:13-159:29
179                <action android:name="android.service.quicksettings.action.QS_TILE" />
179-->src/main/AndroidManifest.xml:158:17-87
179-->src/main/AndroidManifest.xml:158:25-84
180            </intent-filter>
181        </service>
182
183        <provider
184            android:name="androidx.core.content.FileProvider"
184-->src/main/AndroidManifest.xml:163:13-62
185            android:authorities="com.b_lam.intermedia.debug.fileprovider"
185-->src/main/AndroidManifest.xml:164:13-64
186            android:exported="false"
186-->src/main/AndroidManifest.xml:165:13-37
187            android:grantUriPermissions="true" >
187-->src/main/AndroidManifest.xml:166:13-47
188            <meta-data
188-->src/main/AndroidManifest.xml:167:13-169:54
189                android:name="android.support.FILE_PROVIDER_PATHS"
189-->src/main/AndroidManifest.xml:168:17-67
190                android:resource="@xml/file_paths" />
190-->src/main/AndroidManifest.xml:169:17-51
191        </provider>
192        <provider
193            android:name="com.intermedia.intermedia.provider.IntermediaMuzeiArtProvider"
193-->src/main/AndroidManifest.xml:172:13-64
194            android:authorities="com.b_lam.intermedia.debug.muzeiartprovider"
194-->src/main/AndroidManifest.xml:173:13-68
195            android:description="@string/header_subtitle"
195-->src/main/AndroidManifest.xml:174:13-58
196            android:exported="true"
196-->src/main/AndroidManifest.xml:175:13-36
197            android:label="@string/app_name"
197-->src/main/AndroidManifest.xml:176:13-45
198            android:permission="com.google.android.apps.muzei.api.ACCESS_PROVIDER" >
198-->src/main/AndroidManifest.xml:177:13-83
199            <intent-filter>
199-->src/main/AndroidManifest.xml:178:13-180:29
200                <action android:name="com.google.android.apps.muzei.api.MuzeiArtProvider" />
200-->src/main/AndroidManifest.xml:179:17-93
200-->src/main/AndroidManifest.xml:179:25-90
201            </intent-filter>
202
203            <meta-data
203-->src/main/AndroidManifest.xml:182:13-184:85
204                android:name="settingsActivity"
204-->src/main/AndroidManifest.xml:183:17-48
205                android:value="com.b_lam.resplash.ui.muzei.MuzeiSettingsActivity" />
205-->src/main/AndroidManifest.xml:184:17-82
206        </provider>
207
208        <receiver
208-->src/main/AndroidManifest.xml:187:9-198:20
209            android:name="com.intermedia.intermedia.provider.AutoWallpaperAppWidgetProvider"
209-->src/main/AndroidManifest.xml:188:13-68
210            android:exported="true"
210-->src/main/AndroidManifest.xml:189:13-36
211            android:label="@string/auto_wallpaper_next_wallpaper" >
211-->src/main/AndroidManifest.xml:190:13-66
212            <intent-filter>
212-->src/main/AndroidManifest.xml:191:13-193:29
213                <action android:name="android.appwidget.action.APPWIDGET_UPDATE" />
213-->src/main/AndroidManifest.xml:192:17-84
213-->src/main/AndroidManifest.xml:192:25-81
214            </intent-filter>
215
216            <meta-data
216-->src/main/AndroidManifest.xml:195:13-197:74
217                android:name="android.appwidget.provider"
217-->src/main/AndroidManifest.xml:196:17-58
218                android:resource="@xml/auto_wallpaper_app_widget_info" />
218-->src/main/AndroidManifest.xml:197:17-71
219        </receiver>
220
221        <service
221-->[com.google.firebase:firebase-firestore-ktx:24.4.4] AndroidManifest.xml:11:9-17:19
222            android:name="com.google.firebase.components.ComponentDiscoveryService"
222-->[com.google.firebase:firebase-firestore-ktx:24.4.4] AndroidManifest.xml:12:13-84
223            android:directBootAware="true"
223-->[com.google.firebase:firebase-common:20.3.1] AndroidManifest.xml:34:13-43
224            android:exported="false" >
224-->[com.google.firebase:firebase-firestore-ktx:24.4.4] AndroidManifest.xml:13:13-37
225            <meta-data
225-->[com.google.firebase:firebase-firestore-ktx:24.4.4] AndroidManifest.xml:14:13-16:85
226                android:name="com.google.firebase.components:com.google.firebase.firestore.ktx.FirebaseFirestoreKtxRegistrar"
226-->[com.google.firebase:firebase-firestore-ktx:24.4.4] AndroidManifest.xml:15:17-126
227                android:value="com.google.firebase.components.ComponentRegistrar" />
227-->[com.google.firebase:firebase-firestore-ktx:24.4.4] AndroidManifest.xml:16:17-82
228            <meta-data
228-->[com.google.firebase:firebase-common-ktx:20.3.1] AndroidManifest.xml:14:13-16:85
229                android:name="com.google.firebase.components:com.google.firebase.ktx.FirebaseCommonKtxRegistrar"
229-->[com.google.firebase:firebase-common-ktx:20.3.1] AndroidManifest.xml:15:17-113
230                android:value="com.google.firebase.components.ComponentRegistrar" />
230-->[com.google.firebase:firebase-common-ktx:20.3.1] AndroidManifest.xml:16:17-82
231            <meta-data
231-->[com.google.firebase:firebase-firestore:24.4.4] AndroidManifest.xml:19:13-21:85
232                android:name="com.google.firebase.components:com.google.firebase.firestore.FirestoreRegistrar"
232-->[com.google.firebase:firebase-firestore:24.4.4] AndroidManifest.xml:20:17-111
233                android:value="com.google.firebase.components.ComponentRegistrar" />
233-->[com.google.firebase:firebase-firestore:24.4.4] AndroidManifest.xml:21:17-82
234        </service>
235
236        <provider
236-->[com.google.firebase:firebase-common:20.3.1] AndroidManifest.xml:25:9-30:39
237            android:name="com.google.firebase.provider.FirebaseInitProvider"
237-->[com.google.firebase:firebase-common:20.3.1] AndroidManifest.xml:26:13-77
238            android:authorities="com.b_lam.intermedia.debug.firebaseinitprovider"
238-->[com.google.firebase:firebase-common:20.3.1] AndroidManifest.xml:27:13-72
239            android:directBootAware="true"
239-->[com.google.firebase:firebase-common:20.3.1] AndroidManifest.xml:28:13-43
240            android:exported="false"
240-->[com.google.firebase:firebase-common:20.3.1] AndroidManifest.xml:29:13-37
241            android:initOrder="100" />
241-->[com.google.firebase:firebase-common:20.3.1] AndroidManifest.xml:30:13-36
242
243        <activity
243-->[com.google.android.gms:play-services-base:18.0.1] AndroidManifest.xml:20:9-22:45
244            android:name="com.google.android.gms.common.api.GoogleApiActivity"
244-->[com.google.android.gms:play-services-base:18.0.1] AndroidManifest.xml:20:19-85
245            android:exported="false"
245-->[com.google.android.gms:play-services-base:18.0.1] AndroidManifest.xml:22:19-43
246            android:theme="@android:style/Theme.Translucent.NoTitleBar" />
246-->[com.google.android.gms:play-services-base:18.0.1] AndroidManifest.xml:21:19-78
247
248        <meta-data
248-->[com.google.android.gms:play-services-basement:18.1.0] AndroidManifest.xml:21:9-23:69
249            android:name="com.google.android.gms.version"
249-->[com.google.android.gms:play-services-basement:18.1.0] AndroidManifest.xml:22:13-58
250            android:value="@integer/google_play_services_version" />
250-->[com.google.android.gms:play-services-basement:18.1.0] AndroidManifest.xml:23:13-66
251
252        <uses-library
252-->[androidx.window:window:1.0.0] AndroidManifest.xml:25:9-27:40
253            android:name="androidx.window.extensions"
253-->[androidx.window:window:1.0.0] AndroidManifest.xml:26:13-54
254            android:required="false" />
254-->[androidx.window:window:1.0.0] AndroidManifest.xml:27:13-37
255        <uses-library
255-->[androidx.window:window:1.0.0] AndroidManifest.xml:28:9-30:40
256            android:name="androidx.window.sidecar"
256-->[androidx.window:window:1.0.0] AndroidManifest.xml:29:13-51
257            android:required="false" />
257-->[androidx.window:window:1.0.0] AndroidManifest.xml:30:13-37
258
259        <service
259-->[androidx.work:work-runtime:2.8.0] AndroidManifest.xml:39:9-45:35
260            android:name="androidx.work.impl.background.systemalarm.SystemAlarmService"
260-->[androidx.work:work-runtime:2.8.0] AndroidManifest.xml:40:13-88
261            android:directBootAware="false"
261-->[androidx.work:work-runtime:2.8.0] AndroidManifest.xml:41:13-44
262            android:enabled="@bool/enable_system_alarm_service_default"
262-->[androidx.work:work-runtime:2.8.0] AndroidManifest.xml:42:13-72
263            android:exported="false" />
263-->[androidx.work:work-runtime:2.8.0] AndroidManifest.xml:43:13-37
264        <service
264-->[androidx.work:work-runtime:2.8.0] AndroidManifest.xml:46:9-52:35
265            android:name="androidx.work.impl.background.systemjob.SystemJobService"
265-->[androidx.work:work-runtime:2.8.0] AndroidManifest.xml:47:13-84
266            android:directBootAware="false"
266-->[androidx.work:work-runtime:2.8.0] AndroidManifest.xml:48:13-44
267            android:enabled="@bool/enable_system_job_service_default"
267-->[androidx.work:work-runtime:2.8.0] AndroidManifest.xml:49:13-70
268            android:exported="true"
268-->[androidx.work:work-runtime:2.8.0] AndroidManifest.xml:50:13-36
269            android:permission="android.permission.BIND_JOB_SERVICE" />
269-->[androidx.work:work-runtime:2.8.0] AndroidManifest.xml:51:13-69
270        <service
270-->[androidx.work:work-runtime:2.8.0] AndroidManifest.xml:53:9-59:35
271            android:name="androidx.work.impl.foreground.SystemForegroundService"
271-->[androidx.work:work-runtime:2.8.0] AndroidManifest.xml:54:13-81
272            android:directBootAware="false"
272-->[androidx.work:work-runtime:2.8.0] AndroidManifest.xml:55:13-44
273            android:enabled="@bool/enable_system_foreground_service_default"
273-->[androidx.work:work-runtime:2.8.0] AndroidManifest.xml:56:13-77
274            android:exported="false" />
274-->[androidx.work:work-runtime:2.8.0] AndroidManifest.xml:57:13-37
275
276        <receiver
276-->[androidx.work:work-runtime:2.8.0] AndroidManifest.xml:61:9-66:35
277            android:name="androidx.work.impl.utils.ForceStopRunnable$BroadcastReceiver"
277-->[androidx.work:work-runtime:2.8.0] AndroidManifest.xml:62:13-88
278            android:directBootAware="false"
278-->[androidx.work:work-runtime:2.8.0] AndroidManifest.xml:63:13-44
279            android:enabled="true"
279-->[androidx.work:work-runtime:2.8.0] AndroidManifest.xml:64:13-35
280            android:exported="false" />
280-->[androidx.work:work-runtime:2.8.0] AndroidManifest.xml:65:13-37
281        <receiver
281-->[androidx.work:work-runtime:2.8.0] AndroidManifest.xml:67:9-77:20
282            android:name="androidx.work.impl.background.systemalarm.ConstraintProxy$BatteryChargingProxy"
282-->[androidx.work:work-runtime:2.8.0] AndroidManifest.xml:68:13-106
283            android:directBootAware="false"
283-->[androidx.work:work-runtime:2.8.0] AndroidManifest.xml:69:13-44
284            android:enabled="false"
284-->[androidx.work:work-runtime:2.8.0] AndroidManifest.xml:70:13-36
285            android:exported="false" >
285-->[androidx.work:work-runtime:2.8.0] AndroidManifest.xml:71:13-37
286            <intent-filter>
286-->[androidx.work:work-runtime:2.8.0] AndroidManifest.xml:73:13-76:29
287                <action android:name="android.intent.action.ACTION_POWER_CONNECTED" />
287-->[androidx.work:work-runtime:2.8.0] AndroidManifest.xml:74:17-87
287-->[androidx.work:work-runtime:2.8.0] AndroidManifest.xml:74:25-84
288                <action android:name="android.intent.action.ACTION_POWER_DISCONNECTED" />
288-->[androidx.work:work-runtime:2.8.0] AndroidManifest.xml:75:17-90
288-->[androidx.work:work-runtime:2.8.0] AndroidManifest.xml:75:25-87
289            </intent-filter>
290        </receiver>
291        <receiver
291-->[androidx.work:work-runtime:2.8.0] AndroidManifest.xml:78:9-88:20
292            android:name="androidx.work.impl.background.systemalarm.ConstraintProxy$BatteryNotLowProxy"
292-->[androidx.work:work-runtime:2.8.0] AndroidManifest.xml:79:13-104
293            android:directBootAware="false"
293-->[androidx.work:work-runtime:2.8.0] AndroidManifest.xml:80:13-44
294            android:enabled="false"
294-->[androidx.work:work-runtime:2.8.0] AndroidManifest.xml:81:13-36
295            android:exported="false" >
295-->[androidx.work:work-runtime:2.8.0] AndroidManifest.xml:82:13-37
296            <intent-filter>
296-->[androidx.work:work-runtime:2.8.0] AndroidManifest.xml:84:13-87:29
297                <action android:name="android.intent.action.BATTERY_OKAY" />
297-->[androidx.work:work-runtime:2.8.0] AndroidManifest.xml:85:17-77
297-->[androidx.work:work-runtime:2.8.0] AndroidManifest.xml:85:25-74
298                <action android:name="android.intent.action.BATTERY_LOW" />
298-->[androidx.work:work-runtime:2.8.0] AndroidManifest.xml:86:17-76
298-->[androidx.work:work-runtime:2.8.0] AndroidManifest.xml:86:25-73
299            </intent-filter>
300        </receiver>
301        <receiver
301-->[androidx.work:work-runtime:2.8.0] AndroidManifest.xml:89:9-99:20
302            android:name="androidx.work.impl.background.systemalarm.ConstraintProxy$StorageNotLowProxy"
302-->[androidx.work:work-runtime:2.8.0] AndroidManifest.xml:90:13-104
303            android:directBootAware="false"
303-->[androidx.work:work-runtime:2.8.0] AndroidManifest.xml:91:13-44
304            android:enabled="false"
304-->[androidx.work:work-runtime:2.8.0] AndroidManifest.xml:92:13-36
305            android:exported="false" >
305-->[androidx.work:work-runtime:2.8.0] AndroidManifest.xml:93:13-37
306            <intent-filter>
306-->[androidx.work:work-runtime:2.8.0] AndroidManifest.xml:95:13-98:29
307                <action android:name="android.intent.action.DEVICE_STORAGE_LOW" />
307-->[androidx.work:work-runtime:2.8.0] AndroidManifest.xml:96:17-83
307-->[androidx.work:work-runtime:2.8.0] AndroidManifest.xml:96:25-80
308                <action android:name="android.intent.action.DEVICE_STORAGE_OK" />
308-->[androidx.work:work-runtime:2.8.0] AndroidManifest.xml:97:17-82